TN:
SF:src/components/Header.tsx
FN:8,Header
FN:27,(anonymous_1)
FN:37,(anonymous_2)
FNF:3
FNH:3
FNDA:4,Header
FNDA:4,(anonymous_1)
FNDA:1,(anonymous_2)
DA:1,2
DA:2,2
DA:3,2
DA:4,2
DA:6,2
DA:8,2
DA:9,4
DA:27,4
DA:37,1
LF:9
LH:9
BRF:0
BRH:0
end_of_record
TN:
SF:src/components/Root.tsx
FN:7,Root
FNF:1
FNH:1
FNDA:1,Root
DA:1,1
DA:2,1
DA:3,1
DA:4,1
DA:5,1
DA:7,1
DA:8,1
LF:7
LH:7
BRF:0
BRH:0
end_of_record
TN:
SF:src/components/Sidebar.tsx
FN:25,Sidebar
FN:50,(anonymous_1)
FN:76,(anonymous_2)
FN:105,(anonymous_3)
FNF:4
FNH:3
FNDA:14,Sidebar
FNDA:14,(anonymous_1)
FNDA:0,(anonymous_2)
FNDA:14,(anonymous_3)
DA:1,2
DA:2,2
DA:3,2
DA:4,2
DA:5,2
DA:6,2
DA:7,2
DA:8,2
DA:9,2
DA:10,2
DA:11,2
DA:12,2
DA:13,2
DA:14,2
DA:15,2
DA:16,2
DA:17,2
DA:18,2
DA:19,2
DA:20,2
DA:21,2
DA:25,2
DA:26,14
DA:50,14
DA:76,0
DA:105,14
LF:26
LH:25
BRF:0
BRH:0
end_of_record
